0 info it worked if it ends with ok
1 verbose cli [ '/usr/bin/node', '/usr/bin/npm', 'install', 'ejs', '--save' ]
2 info using npm@1.4.28
3 info using node@v0.10.33
4 verbose node symlink /usr/bin/node
5 verbose readDependencies using package.json deps
6 verbose cache add [ 'ejs@^4.6.1', null ]
7 verbose cache add name=undefined spec="ejs@^4.6.1" args=["ejs@^4.6.1",null]
8 verbose parsed url { protocol: null,
8 verbose parsed url   slashes: null,
8 verbose parsed url   auth: null,
8 verbose parsed url   host: null,
8 verbose parsed url   port: null,
8 verbose parsed url   hostname: null,
8 verbose parsed url   hash: null,
8 verbose parsed url   search: null,
8 verbose parsed url   query: null,
8 verbose parsed url   pathname: 'ejs@^4.6.1',
8 verbose parsed url   path: 'ejs@^4.6.1',
8 verbose parsed url   href: 'ejs@^4.6.1' }
9 verbose cache add name="ejs" spec="^4.6.1" args=["ejs","^4.6.1"]
10 verbose parsed url { protocol: null,
10 verbose parsed url   slashes: null,
10 verbose parsed url   auth: null,
10 verbose parsed url   host: null,
10 verbose parsed url   port: null,
10 verbose parsed url   hostname: null,
10 verbose parsed url   hash: null,
10 verbose parsed url   search: null,
10 verbose parsed url   query: null,
10 verbose parsed url   pathname: '^4.6.1',
10 verbose parsed url   path: '^4.6.1',
10 verbose parsed url   href: '^4.6.1' }
11 verbose addNamed [ 'ejs', '^4.6.1' ]
12 verbose addNamed [ null, '>=4.6.1-0 <5.0.0-0' ]
13 silly lockFile d71796f4-ejs-4-6-1 ejs@^4.6.1
14 verbose lock ejs@^4.6.1 /home/diego/.npm/d71796f4-ejs-4-6-1.lock
15 silly addNameRange { name: 'ejs', range: '>=4.6.1-0 <5.0.0-0', hasData: false }
16 verbose registry.get https://registry.npmjs.org/ejs not expired, no request
17 silly addNameRange number 2 { name: 'ejs', range: '>=4.6.1-0 <5.0.0-0', hasData: true }
18 silly addNameRange versions [ 'ejs',
18 silly addNameRange   [ '0.0.1',
18 silly addNameRange     '0.0.2',
18 silly addNameRange     '0.0.3',
18 silly addNameRange     '0.0.4',
18 silly addNameRange     '0.1.0',
18 silly addNameRange     '0.2.0',
18 silly addNameRange     '0.2.1',
18 silly addNameRange     '0.3.0',
18 silly addNameRange     '0.3.1',
18 silly addNameRange     '0.4.0',
18 silly addNameRange     '0.4.1',
18 silly addNameRange     '0.4.2',
18 silly addNameRange     '0.4.3',
18 silly addNameRange     '0.5.0',
18 silly addNameRange     '0.6.0',
18 silly addNameRange     '0.6.1',
18 silly addNameRange     '0.7.0',
18 silly addNameRange     '0.7.1',
18 silly addNameRange     '0.7.2',
18 silly addNameRange     '0.8.0',
18 silly addNameRange     '0.8.1',
18 silly addNameRange     '0.8.2',
18 silly addNameRange     '0.8.3',
18 silly addNameRange     '0.8.4',
18 silly addNameRange     '0.8.5',
18 silly addNameRange     '0.8.6',
18 silly addNameRange     '0.8.8',
18 silly addNameRange     '1.0.0',
18 silly addNameRange     '2.0.2',
18 silly addNameRange     '2.0.3',
18 silly addNameRange     '2.0.4',
18 silly addNameRange     '2.0.5',
18 silly addNameRange     '2.0.6',
18 silly addNameRange     '2.0.7',
18 silly addNameRange     '2.0.8',
18 silly addNameRange     '2.1.1',
18 silly addNameRange     '2.1.2',
18 silly addNameRange     '2.1.3',
18 silly addNameRange     '2.1.4',
18 silly addNameRange     '2.2.1',
18 silly addNameRange     '2.2.2',
18 silly addNameRange     '2.2.3',
18 silly addNameRange     '2.2.4' ] ]
19 silly lockFile d71796f4-ejs-4-6-1 ejs@^4.6.1
20 silly lockFile d71796f4-ejs-4-6-1 ejs@^4.6.1
21 error notarget No compatible version found: ejs@'>=4.6.1-0 <5.0.0-0'
21 error notarget Valid install targets:
21 error notarget ["0.0.1","0.0.2","0.0.3","0.0.4","0.1.0","0.2.0","0.2.1","0.3.0","0.3.1","0.4.0","0.4.1","0.4.2","0.4.3","0.5.0","0.6.0","0.6.1","0.7.0","0.7.1","0.7.2","0.8.0","0.8.1","0.8.2","0.8.3","0.8.4","0.8.5","0.8.6","0.8.8","1.0.0","2.0.2","2.0.3","2.0.4","2.0.5","2.0.6","2.0.7","2.0.8","2.1.1","2.1.2","2.1.3","2.1.4","2.2.1","2.2.2","2.2.3","2.2.4"]
21 error notarget
21 error notarget This is most likely not a problem with npm itself.
21 error notarget In most cases you or one of your dependencies are requesting
21 error notarget a package version that doesn't exist.
22 error System Linux 3.13.0-45-generic
23 error command "/usr/bin/node" "/usr/bin/npm" "install" "ejs" "--save"
24 error cwd /home/diego/Hackathon/api
25 error node -v v0.10.33
26 error npm -v 1.4.28
27 error code ETARGET
28 verbose exit [ 1, true ]
